
                            < M A T L A B (R) >
                  Copyright 1984-2018 The MathWorks, Inc.
                   R2018b (9.5.0.944444) 64-bit (glnxa64)
                              August 28, 2018

 
To get started, type doc.
For product information, visit www.mathworks.com.
 
ENDO/EPI = 0.83583
ENDO/MID = 0.84144
Starting parallel pool (parpool) using the 'local' profile ...
Preserving jobs with IDs: 191 because they contain crash dump files.
You can use 'delete(myCluster.Jobs)' to remove all jobs created with profile local. To create 'myCluster' use 'myCluster = parcluster('local')'.
connected to 36 workers.
intial or done =) 

                                  Best           Mean      Stall
Generation      Func-count        f(x)           f(x)    Generations
Best GA: 219.6838     -11.86941     0.5852641      3.810944      263.2578    0.05977954
    1               60           1.423           2.489        0
Best GA: 50     -11.86941             0      3.810944      263.2578    0.05977954
    2               90           1.251           2.109        0
Best GA: 51     -11.86941             0      3.810944      263.2578    0.05977954
    3              120           1.249           1.889        0
Best GA: 50     -11.86941             0      26.33612       111.979       0.16899
    4              150           1.113           1.592        0
Best GA: 50     -11.86941             0      26.33612       111.979       0.16899
    5              180           1.113           1.483        1
Best GA: 50     -11.86941             0      26.33612       111.979       0.16899
    6              210           1.113           1.532        2
Best GA: 50     -11.86941             0      26.33612       111.979       0.16899
    7              240           1.113           1.414        3
Best GA: 51     -11.86941      0.015625      26.33612       111.979       0.16899
    8              270           1.108           1.311        0
Best GA: 219.6838     -11.86941             0      26.33612       111.979       0.16899
    9              300           1.105           1.399        0
Best GA: 219.6838     -11.86941             0      26.33612       111.979       0.16899
   10              330           1.105           1.597        1
Best GA: 51.0625     -12.11941      0.015625      26.39862       111.979       0.23149
   11              360           1.082           1.474        0
Best GA: 51.0625     -12.11941      0.015625      26.39862       111.979       0.23149
   12              390           1.082           1.499        1
Best GA: 219.6838     -12.11941      0.015625      26.33612       111.979       0.23149
   13              420           1.062           1.358        0
Best GA: 50.1875     -11.74441      0.015625      26.39862       111.979       0.23149
   14              450           1.059           1.425        0
Best GA: 50.1875     -11.74441             0      26.08612       111.729       0.23149
   15              480           1.058           1.243        0
Best GA: 50.1875     -11.74441             0      26.08612       111.729       0.23149
   16              510           1.058           1.239        1
Best GA: 50.1875     -11.74441             0      26.08612       111.729       0.23149
   17              540           1.058           1.431        2
Best GA: 50.1875     -11.74441             0      26.08612       111.729       0.23149
   18              570           1.058           1.214        3
Best GA: 50.1875     -11.74441             0      26.08612       111.729       0.23149
   19              600           1.058           1.117        4
Best GA: 51.125     -11.74441             0      26.08612       111.729       0.23149
   20              630           1.057           1.167        0
Best GA: 51.125     -11.74441             0      26.08612       111.729       0.23149
   21              660           1.057           1.125        1
Best GA: 50.1875     -11.74441             0      27.33612       111.729       0.23149
   22              690           1.056           1.103        0
Best GA: 50.1875     -11.74441             0      27.33612       111.729       0.23149
   23              720           1.056           1.091        1
Best GA: 50.1875     -11.74441             0      27.33612       111.729       0.23149
   24              750           1.056           1.079        2
Best GA: 50.1875     -11.74441             0      27.33612       111.729       0.23149
   25              780           1.056           1.072        3
Best GA: 50.1875     -11.74441             0      27.33612       111.729       0.23149
   26              810           1.056           1.072        4
Best GA: 50.1875     -11.74441             0      27.33612       111.729       0.23149
   27              840           1.056           1.065        5
Best GA: 50.1875     -11.74441             0      27.33612       111.729       0.23149
   28              870           1.056           1.064        6
Best GA: 50.1875     -11.74441             0      26.08612      111.7292       0.23149
   29              900           1.056            1.06        0
Best GA: 50.1875     -11.74441             0      26.08612      111.7292       0.23149
   30              930           1.056           1.059        1

                                  Best           Mean      Stall
Generation      Func-count        f(x)           f(x)    Generations
Best GA: 50.1875     -11.74441             0      26.08612      111.7292       0.23149
   31              960           1.056           1.059        2
Best GA: 50.1875     -11.74441             0      26.08612      111.7292       0.23149
   32              990           1.056           1.059        3
Best GA: 50.1875     -11.74441             0      26.08612      111.7292       0.23149
   33             1020           1.056            1.06        4
Best GA: 50.1875     -11.74441             0      26.08612      111.7292       0.23149
   34             1050           1.056           1.061        5
Best GA: 50.1875     -11.74441             0      26.08612      111.7292       0.23149
   35             1080           1.056           1.061        6
Best GA: 50.1875     -11.74441             0      26.08612      111.7292       0.23149
   36             1110           1.056           1.062        7
Best GA: 50.1875     -11.74441             0      26.08612      111.7292       0.23149
   37             1140           1.056           1.061        8
Best GA: 50.1875     -11.74441             0      26.08612      111.7292       0.23149
   38             1170           1.056            1.06        9
Best GA: 50.1875     -11.74441             0      26.08612      111.7292       0.23149
   39             1200           1.056            1.06       10
Best GA: 50.1875      -11.7443  0.0001115352      26.08624       111.729       0.23149
   40             1230           1.055           1.059        0
Best GA: 50.1875      -11.7443  0.0001115352      26.08624       111.729       0.23149
   41             1260           1.055           1.062        1
Best GA: 50.1875      -11.7443  0.0001115352      26.08624       111.729       0.23149
   42             1290           1.055           1.062        2
Best GA: 50.1875      -11.7443  0.0001115352      26.08624       111.729       0.23149
   43             1320           1.055           1.063        3
Best GA: 50.1875      -11.7443  0.0001115352      26.08624       111.729       0.23149
   44             1350           1.055           1.062        4
Best GA: 50.1875      -11.7443  0.0001115352      26.08624       111.729       0.23149
   45             1380           1.055           1.062        5
Best GA: 50.1875      -11.7443  0.0001115352      26.08624       111.729       0.23149
   46             1410           1.055           1.061        6
Best GA: 50.1875      -11.7443  0.0001115352      26.08624       111.729       0.23149
   47             1440           1.055           1.062        7
Best GA: 50.1875      -11.7443  0.0001115352      26.08624       111.729       0.23149
   48             1470           1.055           1.061        8
Best GA: 50.1875      -11.7443  0.0001115352      26.08624       111.729       0.23149
   49             1500           1.055           1.061        9
Best GA: 50.1875      -11.7443  0.0001115352      26.08624       111.729       0.23149
   50             1530           1.055           1.061       10
Best GA: 50.1875      -11.7443  0.0001115352      26.08624       111.729       0.23149
   51             1560           1.055            1.06       11
Best GA: 50.1875      -11.7443  0.0001115352      26.08624       111.729       0.23149
   52             1590           1.055           1.062       12
Best GA: 50.1875      -11.7443  0.0001115352      26.08624       111.729       0.23149
   53             1620           1.055           1.062       13
Best GA: 50.1875      -11.7443  0.0001115352      26.08624       111.729       0.23149
   54             1650           1.055            1.06       14
Best GA: 50.1875      -11.7443  0.0001115352      26.08624       111.729       0.23149
   55             1680           1.055            1.06       15
Best GA: 50.1875      -11.7443  0.0001115352      26.08624       111.729       0.23149
   56             1710           1.055           1.061       16
Best GA: 50.1875      -11.7443  0.0001115352      26.08624       111.729       0.23149
   57             1740           1.055            1.06       17
Best GA: 50.1875      -11.7443  0.0001115352      26.08624       111.729       0.23149
   58             1770           1.055            1.06       18
Best GA: 50.1875      -11.7443  0.0001115352      26.08624       111.729       0.23149
   59             1800           1.055           1.059       19
Best GA: 50.1875      -11.7443  0.0001115352      26.08624       111.729       0.23149
   60             1830           1.055           1.061       20

                                  Best           Mean      Stall
Generation      Func-count        f(x)           f(x)    Generations
Best GA: 50.1875      -11.7443  0.0001115352      26.08624       111.729       0.23149
   61             1860           1.055           1.061       21
Best GA: 50.1875      -11.7443  0.0001115352      26.08624       111.729       0.23149
   62             1890           1.055           1.061       22
Best GA: 50.1875      -11.7443  0.0001115352      26.08624       111.729       0.23149
   63             1920           1.055            1.06       23
Best GA: 50.1875      -11.7443  0.0001115352      26.08624       111.729       0.23149
   64             1950           1.055            1.06       24
Optimization terminated: average change in the fitness value less than options.FunctionTolerance.
intial or done =) 
ENDO/EPI = 0.99622
ENDO/MID = 1.2579
