
                            < M A T L A B (R) >
                  Copyright 1984-2018 The MathWorks, Inc.
                   R2018b (9.5.0.944444) 64-bit (glnxa64)
                              August 28, 2018

 
To get started, type doc.
For product information, visit www.mathworks.com.
 
ENDO/EPI = 0.83583
ENDO/MID = 0.84144
Starting parallel pool (parpool) using the 'local' profile ...
Preserving jobs with IDs: 191 because they contain crash dump files.
You can use 'delete(myCluster.Jobs)' to remove all jobs created with profile local. To create 'myCluster' use 'myCluster = parcluster('local')'.
connected to 36 workers.
intial or done =) 

                                  Best           Mean      Stall
Generation      Func-count        f(x)           f(x)    Generations
Best GA: 161.4699      104.6892      25.85968      50.69513      19.43434      54.74619      2.886363
    1               60           1.085           2.343        0
Best GA: 161.4699      104.6892      26.85968      50.69513      19.43434      54.74619      2.886363
    2               90           1.074           1.391        0
Best GA: 161.4699      104.6892      26.85968      50.69513      19.43434      54.74619      2.886363
    3              120           1.074           1.417        1
Best GA: 161.4699      104.1892      26.85968      50.69513      19.43434      54.74619      2.886363
    4              150           1.072           1.347        0
Best GA: 174.5187      104.6892      26.85968      50.69513      19.43434      54.74619      1.740894
    5              180           1.065           1.341        0
Best GA: 174.5187      104.6892      26.85968      50.69513      19.43434      54.74619      1.740894
    6              210           1.065           1.264        1
Best GA: 174.7687      105.1892      26.35968      50.69513      19.93434      54.99619      1.990894
    7              240           1.063           1.211        0
Best GA: 161.4699      106.1318      26.85968      50.69513      20.43434      54.74619      2.886363
    8              270           1.049           1.159        0
Best GA: 161.4699      105.6892      26.85968      50.69513      20.43434      54.74619      2.886363
    9              300            1.04            1.13        0
Best GA: 161.4699      106.1318      26.85968      50.69513      20.43434      54.74619      2.990894
   10              330           1.039            1.08        0
Best GA: 162.4699      105.6892      27.85968      50.69513      20.43434      54.74619      2.886363
   11              360           1.038           1.076        0
Best GA: 162.4699      105.6892      27.85968      50.69513      20.43434      54.74619      2.886363
   12              390           1.038           1.062        1
Best GA: 161.4699      106.1318      26.85968      50.69513      20.43434      55.74619      2.886363
   13              420           1.037           1.056        0
Best GA: 161.4699      106.1318      26.85968      50.69513      20.43434      55.74619      2.886363
   14              450           1.037           1.057        1
Best GA: 162.4699      105.6892      27.85968      50.69513      20.43434      55.24619      2.386363
   15              480           1.036           1.052        0
Best GA: 162.4699      105.6892      27.85968      50.69513      20.43434      55.24619      2.386363
   16              510           1.036           1.052        1
Best GA: 162.4699      105.6892      27.85968      50.69513      20.43434      55.24619      2.386363
   17              540           1.036           1.046        2
Best GA: 162.4699      105.6892      27.85968      50.69513      20.43434      55.24619      2.386363
   18              570           1.036           1.046        3
Best GA: 162.4699      105.6892      27.85968      50.69513      20.43434      55.24619      2.386363
   19              600           1.036           1.045        4
Best GA: 162.4699      105.6892      27.85968      50.69513      20.43434      55.24619      2.386363
   20              630           1.036           1.043        5
Best GA: 162.4738      105.7058      29.00031      50.70295      20.43434      55.27256      2.417613
   21              660           1.035            1.04        0
Best GA: 162.4738      105.7058      29.00031      50.70295      20.43434      55.27256      2.417613
   22              690           1.035           1.043        1
Best GA: 162.4738      105.7058      29.00031      50.70295      20.43434      55.27256      2.417613
   23              720           1.035           1.042        2
Best GA: 162.4738      105.7058      29.00031      50.70295      20.43434      55.27256      2.417613
   24              750           1.035           1.042        3
Best GA: 162.4738      105.7058      29.00031      50.70295      20.43434      55.27256      2.417613
   25              780           1.035           1.043        4
Best GA: 162.4738      105.7058      29.00031      50.70295      20.43434      55.27256      2.417613
   26              810           1.035           1.044        5
Best GA: 162.4738      105.7058      29.00031      50.70295      20.43434      55.27256      2.417613
   27              840           1.035           1.042        6
Best GA: 162.4738      105.7058      29.00031      50.70295      20.43434      55.27256      2.417613
   28              870           1.035           1.043        7
Best GA: 162.4738      105.7058      29.00031      50.70295      20.43434      55.27256      2.417613
   29              900           1.035            1.04        8
Best GA: 162.4738      105.7058      29.00031      50.70295      20.43434      55.27256      2.417613
   30              930           1.035            1.04        9

                                  Best           Mean      Stall
Generation      Func-count        f(x)           f(x)    Generations
Best GA: 162.4738      105.7058      29.00031      50.70295      20.43434      55.27256      2.417613
   31              960           1.035           1.042       10
Best GA: 162.4738      105.7058      29.00031      50.70295      20.43434      55.27256      2.417613
   32              990           1.035           1.043       11
Best GA: 162.4738      105.7058      29.00031      50.70295      20.43434      55.27256      2.417613
   33             1020           1.035           1.041       12
Best GA: 162.4738      105.7058      29.00031      50.70295      20.43434      55.27256      2.417613
   34             1050           1.035            1.04       13
Best GA: 162.4738      105.7058      29.00031      50.70295      20.43434      55.27256      2.417613
   35             1080           1.035           1.041       14
Best GA: 162.4738      105.7058      29.00031      50.70295      20.43434      55.27256      2.417613
   36             1110           1.035           1.041       15
Best GA: 162.4738      105.7058      29.00031      50.70295      20.43434      55.27256      2.417613
   37             1140           1.035           1.039       16
Best GA: 162.4738      105.7056      29.00038      50.70307      20.43443      55.27264      2.417701
   38             1170           1.035            1.04        0
Best GA: 162.4738      105.7056      29.00038      50.70307      20.43443      55.27264      2.417701
   39             1200           1.035           1.041        1
Best GA: 162.4738      105.7056      29.00038      50.70307      20.43443      55.27264      2.417701
   40             1230           1.035           1.042        2
Best GA: 162.4738      105.7056      29.00038      50.70307      20.43443      55.27264      2.417701
   41             1260           1.035           1.042        3
Best GA: 162.4738      105.7056      29.00038      50.70307      20.43443      55.27264      2.417701
   42             1290           1.035           1.042        4
Best GA: 162.4738      105.7056      29.00038      50.70307      20.43443      55.27264      2.417701
   43             1320           1.035           1.042        5
Best GA: 162.4738      105.7056      29.00038      50.70307      20.43443      55.27264      2.417701
   44             1350           1.035           1.042        6
Best GA: 162.4738      105.7056      29.00038      50.70307      20.43443      55.27264      2.417701
   45             1380           1.035           1.043        7
Best GA: 162.4738      105.7056      29.00038      50.70307      20.43443      55.27264      2.417701
   46             1410           1.035           1.044        8
Best GA: 162.4738      105.7056      29.00038      50.70307      20.43443      55.27264      2.417701
   47             1440           1.035           1.045        9
Best GA: 162.4738      105.7056      29.00038      50.70307      20.43443      55.27264      2.417701
   48             1470           1.035           1.043       10
Best GA: 162.4738      105.7056      29.00038      50.70307      20.43443      55.27264      2.417701
   49             1500           1.035           1.043       11
Best GA: 162.4738      105.7056      29.00038      50.70307      20.43443      55.27264      2.417701
   50             1530           1.035           1.044       12
Best GA: 162.4738      105.7056      29.00038      50.70307      20.43443      55.27264      2.417701
   51             1560           1.035           1.042       13
Best GA: 162.4738      105.7056      29.00038      50.70307      20.43443      55.27264      2.417701
   52             1590           1.035           1.043       14
Best GA: 162.4738      105.7056      29.00038      50.70307      20.43443      55.27264      2.417701
   53             1620           1.035           1.043       15
Best GA: 162.4738      105.7056      29.00038      50.70307      20.43443      55.27264      2.417701
   54             1650           1.035           1.041       16
Best GA: 162.4738      105.7056      29.00038      50.70307      20.43443      55.27264      2.417701
   55             1680           1.035           1.041       17
Best GA: 162.4738      105.7056      29.00038      50.70307      20.43443      55.27264      2.417701
   56             1710           1.035            1.04       18
Best GA: 162.4738      105.7056      29.00038      50.70307      20.43443      55.27264      2.417701
   57             1740           1.035           1.041       19
Best GA: 162.4738      105.7056      29.00038      50.70307      20.43443      55.27264      2.417701
   58             1770           1.035            1.04       20
Best GA: 162.4738      105.7056      29.00038      50.70307      20.43443      55.27264      2.417701
   59             1800           1.035           1.041       21
Optimization terminated: average change in the fitness value less than options.FunctionTolerance.
intial or done =) 
ENDO/EPI = 1.1943
ENDO/MID = 1.2723
